C:\USERS\BLOGS_000\DOCUMENTS\VISUAL STUDIO 2012\PROJECTS\MONKEY\MONKEY\DEBUG\AI.OBJ
C:\USERS\BLOGS_000\DOCUMENTS\VISUAL STUDIO 2012\PROJECTS\MONKEY\MONKEY\DEBUG\ATTACKER.OBJ
C:\USERS\BLOGS_000\DOCUMENTS\VISUAL STUDIO 2012\PROJECTS\MONKEY\MONKEY\DEBUG\CONTAINER.OBJ
C:\USERS\BLOGS_000\DOCUMENTS\VISUAL STUDIO 2012\PROJECTS\MONKEY\MONKEY\DEBUG\DESTRUCTIBLE.OBJ
C:\USERS\BLOGS_000\DOCUMENTS\VISUAL STUDIO 2012\PROJECTS\MONKEY\MONKEY\DEBUG\ENGINE.OBJ
C:\USERS\BLOGS_000\DOCUMENTS\VISUAL STUDIO 2012\PROJECTS\MONKEY\MONKEY\DEBUG\GUI.OBJ
C:\USERS\BLOGS_000\DOCUMENTS\VISUAL STUDIO 2012\PROJECTS\MONKEY\MONKEY\DEBUG\MAIN.OBJ
C:\USERS\BLOGS_000\DOCUMENTS\VISUAL STUDIO 2012\PROJECTS\MONKEY\MONKEY\DEBUG\MAP.OBJ
C:\USERS\BLOGS_000\DOCUMENTS\VISUAL STUDIO 2012\PROJECTS\MONKEY\MONKEY\DEBUG\PICKABLE.OBJ
C:\USERS\BLOGS_000\DOCUMENTS\VISUAL STUDIO 2012\PROJECTS\MONKEY\MONKEY\DEBUG\VC110.PDB
C:\Users\blogs_000\Documents\Visual Studio 2012\Projects\Monkey\Monkey\Debug\Ai.obj
C:\Users\blogs_000\Documents\Visual Studio 2012\Projects\Monkey\Monkey\Debug\Attacker.obj
C:\Users\blogs_000\Documents\Visual Studio 2012\Projects\Monkey\Monkey\Debug\Container.obj
C:\Users\blogs_000\Documents\Visual Studio 2012\Projects\Monkey\Monkey\Debug\Destructible.obj
C:\Users\blogs_000\Documents\Visual Studio 2012\Projects\Monkey\Monkey\Debug\Engine.obj
C:\Users\blogs_000\Documents\Visual Studio 2012\Projects\Monkey\Monkey\Debug\Gui.obj
C:\Users\blogs_000\Documents\Visual Studio 2012\Projects\Monkey\Monkey\Debug\main.obj
C:\Users\blogs_000\Documents\Visual Studio 2012\Projects\Monkey\Monkey\Debug\Map.obj
C:\Users\blogs_000\Documents\Visual Studio 2012\Projects\Monkey\Monkey\Debug\Pickable.obj
C:\Users\blogs_000\Documents\Visual Studio 2012\Projects\Monkey\Monkey\Debug\cl.command.1.tlog
C:\Users\blogs_000\Documents\Visual Studio 2012\Projects\Monkey\Monkey\Debug\CL.read.1.tlog
C:\Users\blogs_000\Documents\Visual Studio 2012\Projects\Monkey\Monkey\Debug\CL.write.1.tlog
C:\Users\blogs_000\Documents\Visual Studio 2012\Projects\Monkey\Monkey\Debug\vc110.idb
C:\Users\blogs_000\Documents\Visual Studio 2012\Projects\Monkey\Monkey\Debug\vc110.pdb
