Build started 12/04/2015 22:36:18.
     1>Project "C:\Users\blogs_000\Documents\Visual Studio 2012\Projects\Monkey\Monkey\Monkey.vcxproj" on node 2 (Rebuild target(s)).
     1>ClCompile:
         C:\Program Files (x86)\Microsoft Visual Studio 11.0\VC\bin\CL.exe /c /ZI /nologo /W3 /WX- /sdl /Od /Oy- /D _MBCS /Gm /EHsc /RTC1 /MDd /GS /fp:precise /Zc:wchar_t /Zc:forScope /Fo"Debug\\" /Fd"Debug\vc110.pdb" /Gd /TP /analyze- /errorReport:prompt Actor.cpp Ai.cpp Attacker.cpp Container.cpp Destructible.cpp Engine.cpp Gui.cpp main.cpp Map.cpp Persistent.cpp Pickable.cpp
         Pickable.cpp
         Persistent.cpp
     1>c:\users\blogs_000\documents\visual studio 2012\projects\monkey\monkey\persistent.cpp(7): warning C4800: 'int' : forcing value to bool 'true' or 'false' (performance warning)
     1>c:\users\blogs_000\documents\visual studio 2012\projects\monkey\monkey\persistent.cpp(24): warning C4800: 'int' : forcing value to bool 'true' or 'false' (performance warning)
     1>c:\users\blogs_000\documents\visual studio 2012\projects\monkey\monkey\persistent.cpp(25): warning C4800: 'int' : forcing value to bool 'true' or 'false' (performance warning)
     1>c:\users\blogs_000\documents\visual studio 2012\projects\monkey\monkey\persistent.cpp(26): warning C4800: 'int' : forcing value to bool 'true' or 'false' (performance warning)
     1>c:\users\blogs_000\documents\visual studio 2012\projects\monkey\monkey\persistent.cpp(27): warning C4800: 'int' : forcing value to bool 'true' or 'false' (performance warning)
     1>c:\users\blogs_000\documents\visual studio 2012\projects\monkey\monkey\persistent.cpp(28): warning C4800: 'int' : forcing value to bool 'true' or 'false' (performance warning)
     1>c:\users\blogs_000\documents\visual studio 2012\projects\monkey\monkey\persistent.cpp(29): warning C4800: 'int' : forcing value to bool 'true' or 'false' (performance warning)
     1>c:\users\blogs_000\documents\visual studio 2012\projects\monkey\monkey\persistent.cpp(30): warning C4800: 'int' : forcing value to bool 'true' or 'false' (performance warning)
         Map.cpp
     1>c:\users\blogs_000\documents\visual studio 2012\projects\monkey\monkey\map.cpp(19): warning C4800: 'void *' : forcing value to bool 'true' or 'false' (performance warning)
         main.cpp
         Gui.cpp
     1>c:\users\blogs_000\documents\visual studio 2012\projects\monkey\monkey\gui.cpp(39): warning C4244: 'argument' : conversion from 'int' to 'float', possible loss of data
         Engine.cpp
         Destructible.cpp
         Container.cpp
         Attacker.cpp
         Ai.cpp
     1>c:\users\blogs_000\documents\visual studio 2012\projects\monkey\monkey\ai.cpp(32): warning C4244: 'argument' : conversion from 'int' to 'float', possible loss of data
         Actor.cpp
     1>c:\users\blogs_000\documents\visual studio 2012\projects\monkey\monkey\actor.cpp(31): warning C4244: 'argument' : conversion from 'int' to 'float', possible loss of data
         Generating Code...
       Link:
         C:\Program Files (x86)\Microsoft Visual Studio 11.0\VC\bin\link.exe /ERRORREPORT:PROMPT /OUT:"C:\Users\blogs_000\Documents\Visual Studio 2012\Projects\Monkey\Debug\Monkey.exe" /INCREMENTAL /NOLOGO /LIBPATH:"C:\Users\blogs_000\Desktop\libtcod-1.5.1\lib" /LIBPATH:"C:\Users\blogs_000\Desktop\libtcod-1.5.1" "libtcod-VS.lib" kernel32.lib user32.lib gdi32.lib winspool.lib comdlg32.lib advapi32.lib shell32.lib ole32.lib oleaut32.lib uuid.lib odbc32.lib odbccp32.lib /MANIFEST /MANIFESTUAC:"level='asInvoker' uiAccess='false'" /manifest:embed /DEBUG /PDB:"C:\Users\blogs_000\Documents\Visual Studio 2012\Projects\Monkey\Debug\Monkey.pdb" /TLBID:1 /DYNAMICBASE /NXCOMPAT /IMPLIB:"C:\Users\blogs_000\Documents\Visual Studio 2012\Projects\Monkey\Debug\Monkey.lib" /MACHINE:X86 Debug\Actor.obj
         Debug\Ai.obj
         Debug\Attacker.obj
         Debug\Container.obj
         Debug\Destructible.obj
         Debug\Engine.obj
         Debug\Gui.obj
         Debug\main.obj
         Debug\Map.obj
         Debug\Persistent.obj
         Debug\Pickable.obj
         Monkey.vcxproj -> C:\Users\blogs_000\Documents\Visual Studio 2012\Projects\Monkey\Debug\Monkey.exe
     1>Done Building Project "C:\Users\blogs_000\Documents\Visual Studio 2012\Projects\Monkey\Monkey\Monkey.vcxproj" (Rebuild target(s)).

Build succeeded.

Time Elapsed 00:00:07.33
